<?xml version="1.0" encoding="utf-8" standalone="no"?>
<!--This file represents the results of running a test suite-->
<test-results name="C:\Users\jbeighel\Dropbox\Code\GitHub\MDLN.MGTools\MDLN.Tools.UnitTests\MDLN.MGTools.Tests.nunit" total="5" errors="0" failures="0" not-run="0" inconclusive="0" ignored="0" skipped="0" invalid="0" date="2015-09-04" time="11:47:45">
  <environment nunit-version="2.6.4.14350" clr-version="2.0.50727.5485" os-version="Microsoft Windows NT 6.1.7601 Service Pack 1" platform="Win32NT" cwd="C:\Work\NUnit-2.6.4\bin" machine-name="CP084" user="jbeighel" user-domain="PRICE" />
  <culture-info current-culture="en-US" current-uiculture="en-US" />
  <test-suite type="Project" name="C:\Users\jbeighel\Dropbox\Code\GitHub\MDLN.MGTools\MDLN.Tools.UnitTests\MDLN.MGTools.Tests.nunit" executed="True" result="Success" success="True" time="0.057" asserts="0">
    <results>
      <test-suite type="Assembly" name="C:\Users\jbeighel\Dropbox\Code\GitHub\MDLN.MGTools\MDLN.Tools.UnitTests\bin\Debug\MDLN.Tools.UnitTests.dll" executed="True" result="Success" success="True" time="0.057" asserts="0">
        <results>
          <test-suite type="Namespace" name="MDLN" executed="True" result="Success" success="True" time="0.057" asserts="0">
            <results>
              <test-suite type="Namespace" name="Tools" executed="True" result="Success" success="True" time="0.056" asserts="0">
                <results>
                  <test-suite type="Namespace" name="UnitTests" executed="True" result="Success" success="True" time="0.056" asserts="0">
                    <results>
                      <test-suite type="TestFixture" name="Tests" executed="True" result="Success" success="True" time="0.056" asserts="0">
                        <results>
                          <test-case name="MDLN.Tools.UnitTests.Tests.BytesToUInt16" executed="True" result="Success" success="True" time="0.040" asserts="8" />
                          <test-case name="MDLN.Tools.UnitTests.Tests.CalculateAngleFromPoints" executed="True" result="Success" success="True" time="0.000" asserts="7" />
                          <test-case name="MDLN.Tools.UnitTests.Tests.UInt16ToBytes" executed="True" result="Success" success="True" time="0.001" asserts="6" />
                          <test-case name="MDLN.Tools.UnitTests.Tests.UInt32ToBytes" executed="True" result="Success" success="True" time="0.002" asserts="12" />
                          <test-case name="MDLN.Tools.UnitTests.Tests.UInt64To6Bytes" executed="True" result="Success" success="True" time="0.002" asserts="12" />
                        </results>
                      </test-suite>
                    </results>
                  </test-suite>
                </results>
              </test-suite>
            </results>
          </test-suite>
        </results>
      </test-suite>
    </results>
  </test-suite>
</test-results>